<?xml version="1.0" encoding="UTF-8"?>
<!-- Generated by org.testng.reporters.JUnitReportReporter -->
<testsuite hostname="RITAM2003" failures="0" tests="2" name="ShopperWithPojo.ShopperProfile" time="2.397" errors="0" timestamp="2026-03-12T09:45:13 IST" skipped="0">
  <testcase classname="ShopperWithPojo.ShopperProfile" name="updateProfile" time="1.558"/>
  <testcase classname="ShopperWithPojo.ShopperProfile" name="fetchProfile" time="0.839"/>
</testsuite> <!-- ShopperWithPojo.ShopperProfile -->
