<?xml version="1.0" encoding="UTF-8"?>
<!-- Generated by org.testng.reporters.JUnitReportReporter -->
<testsuite hostname="RITAM2003" failures="0" tests="3" name="ShopperWithPojo.ShopperCart" time="2.784" errors="0" timestamp="2026-03-12T09:51:47 IST" skipped="0">
  <testcase classname="ShopperWithPojo.ShopperCart" name="updateCart" time="1.002"/>
  <testcase classname="ShopperWithPojo.ShopperCart" name="addProductToCart" time="0.861"/>
  <testcase classname="ShopperWithPojo.ShopperCart" name="DeleteFromCart" time="0.921"/>
</testsuite> <!-- ShopperWithPojo.ShopperCart -->
