<?xml version="1.0" encoding="UTF-8"?>
<!-- Generated by org.testng.reporters.JUnitXMLReporter -->
<testsuite ignored="0" hostname="RITAM2003" failures="0" tests="4" name="Default test" time="16.258" errors="0" timestamp="2026-03-12T09:51:47 IST">
  <testcase classname="ShopperWithPojo.ProductViewActions" name="fetchAllProducts" time="6.749"/>
  <testcase classname="ShopperWithPojo.ShopperCart" name="addProductToCart" time="0.861"/>
  <testcase classname="ShopperWithPojo.ShopperCart" name="updateCart" time="1.002"/>
  <testcase classname="ShopperWithPojo.ShopperCart" name="DeleteFromCart" time="0.921"/>
</testsuite> <!-- Default test -->
